running egg_info
creating ../../build/bno055_driver/bno055_driver.egg-info
writing ../../build/bno055_driver/bno055_driver.egg-info/PKG-INFO
writing dependency_links to ../../build/bno055_driver/bno055_driver.egg-info/dependency_links.txt
writing entry points to ../../build/bno055_driver/bno055_driver.egg-info/entry_points.txt
writing requirements to ../../build/bno055_driver/bno055_driver.egg-info/requires.txt
writing top-level names to ../../build/bno055_driver/bno055_driver.egg-info/top_level.txt
writing manifest file '../../build/bno055_driver/bno055_driver.egg-info/SOURCES.txt'
reading manifest file '../../build/bno055_driver/bno055_driver.egg-info/SOURCES.txt'
writing manifest file '../../build/bno055_driver/bno055_driver.egg-info/SOURCES.txt'
running build
running build_py
creating /home/juza/BNO USB_SER/build/bno055_driver/build
creating /home/juza/BNO USB_SER/build/bno055_driver/build/lib
creating /home/juza/BNO USB_SER/build/bno055_driver/build/lib/bno055_driver
copying bno055_driver/bno055_node.py -> /home/juza/BNO USB_SER/build/bno055_driver/build/lib/bno055_driver
copying bno055_driver/__init__.py -> /home/juza/BNO USB_SER/build/bno055_driver/build/lib/bno055_driver
running install
running install_lib
creating /home/juza/BNO USB_SER/install/bno055_driver/lib/python3.12/site-packages/bno055_driver
copying /home/juza/BNO USB_SER/build/bno055_driver/build/lib/bno055_driver/bno055_node.py -> /home/juza/BNO USB_SER/install/bno055_driver/lib/python3.12/site-packages/bno055_driver
copying /home/juza/BNO USB_SER/build/bno055_driver/build/lib/bno055_driver/__init__.py -> /home/juza/BNO USB_SER/install/bno055_driver/lib/python3.12/site-packages/bno055_driver
byte-compiling /home/juza/BNO USB_SER/install/bno055_driver/lib/python3.12/site-packages/bno055_driver/bno055_node.py to bno055_node.cpython-312.pyc
byte-compiling /home/juza/BNO USB_SER/install/bno055_driver/lib/python3.12/site-packages/bno055_driver/__init__.py to __init__.cpython-312.pyc
running install_data
creating /home/juza/BNO USB_SER/install/bno055_driver/share/ament_index
creating /home/juza/BNO USB_SER/install/bno055_driver/share/ament_index/resource_index
creating /home/juza/BNO USB_SER/install/bno055_driver/share/ament_index/resource_index/packages
copying resource/bno055_driver -> /home/juza/BNO USB_SER/install/bno055_driver/share/ament_index/resource_index/packages
copying package.xml -> /home/juza/BNO USB_SER/install/bno055_driver/share/bno055_driver
creating /home/juza/BNO USB_SER/install/bno055_driver/share/bno055_driver/launch
copying launch/bno055_launch.py -> /home/juza/BNO USB_SER/install/bno055_driver/share/bno055_driver/launch
creating /home/juza/BNO USB_SER/install/bno055_driver/share/bno055_driver/config
copying config/bno055_params.yaml -> /home/juza/BNO USB_SER/install/bno055_driver/share/bno055_driver/config
running install_egg_info
Copying ../../build/bno055_driver/bno055_driver.egg-info to /home/juza/BNO USB_SER/install/bno055_driver/lib/python3.12/site-packages/bno055_driver-1.0.0-py3.12.egg-info
running install_scripts
Installing bno055_node script to /home/juza/BNO USB_SER/install/bno055_driver/lib/bno055_driver
writing list of installed files to '/home/juza/BNO USB_SER/build/bno055_driver/install.log'
