[0.708s] Invoking command in '/home/juza/BNO USB_SER/src/bno055_driver': DEBUGINFOD_URLS=https://debuginfod.ubuntu.com PYTHONPATH=/home/juza/BNO USB_SER/build/bno055_driver/prefix_override:/usr/lib/python3/dist-packages/colcon_core/task/python/colcon_distutils_commands:/home/juza/BNO USB_SER/install/bno055_driver/lib/python3.12/site-packages:${PYTHONPATH} /usr/bin/python3 -W ignore:setup.py install is deprecated -W ignore:easy_install command is deprecated setup.py egg_info --egg-base ../../build/bno055_driver build --build-base /home/juza/BNO USB_SER/build/bno055_driver/build install --record /home/juza/BNO USB_SER/build/bno055_driver/install.log --single-version-externally-managed install_data
[0.853s] running egg_info
[0.853s] creating ../../build/bno055_driver/bno055_driver.egg-info
[0.863s] writing ../../build/bno055_driver/bno055_driver.egg-info/PKG-INFO
[0.864s] writing dependency_links to ../../build/bno055_driver/bno055_driver.egg-info/dependency_links.txt
[0.864s] writing entry points to ../../build/bno055_driver/bno055_driver.egg-info/entry_points.txt
[0.864s] writing requirements to ../../build/bno055_driver/bno055_driver.egg-info/requires.txt
[0.864s] writing top-level names to ../../build/bno055_driver/bno055_driver.egg-info/top_level.txt
[0.864s] writing manifest file '../../build/bno055_driver/bno055_driver.egg-info/SOURCES.txt'
[0.886s] reading manifest file '../../build/bno055_driver/bno055_driver.egg-info/SOURCES.txt'
[0.886s] writing manifest file '../../build/bno055_driver/bno055_driver.egg-info/SOURCES.txt'
[0.886s] running build
[0.886s] running build_py
[0.886s] creating /home/juza/BNO USB_SER/build/bno055_driver/build
[0.886s] creating /home/juza/BNO USB_SER/build/bno055_driver/build/lib
[0.886s] creating /home/juza/BNO USB_SER/build/bno055_driver/build/lib/bno055_driver
[0.886s] copying bno055_driver/bno055_node.py -> /home/juza/BNO USB_SER/build/bno055_driver/build/lib/bno055_driver
[0.886s] copying bno055_driver/__init__.py -> /home/juza/BNO USB_SER/build/bno055_driver/build/lib/bno055_driver
[0.887s] running install
[0.889s] running install_lib
[0.900s] creating /home/juza/BNO USB_SER/install/bno055_driver/lib/python3.12/site-packages/bno055_driver
[0.900s] copying /home/juza/BNO USB_SER/build/bno055_driver/build/lib/bno055_driver/bno055_node.py -> /home/juza/BNO USB_SER/install/bno055_driver/lib/python3.12/site-packages/bno055_driver
[0.900s] copying /home/juza/BNO USB_SER/build/bno055_driver/build/lib/bno055_driver/__init__.py -> /home/juza/BNO USB_SER/install/bno055_driver/lib/python3.12/site-packages/bno055_driver
[0.901s] byte-compiling /home/juza/BNO USB_SER/install/bno055_driver/lib/python3.12/site-packages/bno055_driver/bno055_node.py to bno055_node.cpython-312.pyc
[0.902s] byte-compiling /home/juza/BNO USB_SER/install/bno055_driver/lib/python3.12/site-packages/bno055_driver/__init__.py to __init__.cpython-312.pyc
[0.902s] running install_data
[0.902s] creating /home/juza/BNO USB_SER/install/bno055_driver/share/ament_index
[0.902s] creating /home/juza/BNO USB_SER/install/bno055_driver/share/ament_index/resource_index
[0.902s] creating /home/juza/BNO USB_SER/install/bno055_driver/share/ament_index/resource_index/packages
[0.902s] copying resource/bno055_driver -> /home/juza/BNO USB_SER/install/bno055_driver/share/ament_index/resource_index/packages
[0.902s] copying package.xml -> /home/juza/BNO USB_SER/install/bno055_driver/share/bno055_driver
[0.902s] creating /home/juza/BNO USB_SER/install/bno055_driver/share/bno055_driver/launch
[0.902s] copying launch/bno055_launch.py -> /home/juza/BNO USB_SER/install/bno055_driver/share/bno055_driver/launch
[0.902s] creating /home/juza/BNO USB_SER/install/bno055_driver/share/bno055_driver/config
[0.902s] copying config/bno055_params.yaml -> /home/juza/BNO USB_SER/install/bno055_driver/share/bno055_driver/config
[0.902s] running install_egg_info
[0.914s] Copying ../../build/bno055_driver/bno055_driver.egg-info to /home/juza/BNO USB_SER/install/bno055_driver/lib/python3.12/site-packages/bno055_driver-1.0.0-py3.12.egg-info
[0.914s] running install_scripts
[0.983s] Installing bno055_node script to /home/juza/BNO USB_SER/install/bno055_driver/lib/bno055_driver
[0.983s] writing list of installed files to '/home/juza/BNO USB_SER/build/bno055_driver/install.log'
[0.996s] Invoked command in '/home/juza/BNO USB_SER/src/bno055_driver' returned '0': DEBUGINFOD_URLS=https://debuginfod.ubuntu.com PYTHONPATH=/home/juza/BNO USB_SER/build/bno055_driver/prefix_override:/usr/lib/python3/dist-packages/colcon_core/task/python/colcon_distutils_commands:/home/juza/BNO USB_SER/install/bno055_driver/lib/python3.12/site-packages:${PYTHONPATH} /usr/bin/python3 -W ignore:setup.py install is deprecated -W ignore:easy_install command is deprecated setup.py egg_info --egg-base ../../build/bno055_driver build --build-base /home/juza/BNO USB_SER/build/bno055_driver/build install --record /home/juza/BNO USB_SER/build/bno055_driver/install.log --single-version-externally-managed install_data
